<?xml version="1.0" encoding="UTF-8"?>
<testsuite xmlns:xsi="http://www.w3.org/2001/XMLSchema-instance" xsi:noNamespaceSchemaLocation="https://maven.apache.org/surefire/maven-failsafe-plugin/xsd/failsafe-test-report-3.0.xsd" version="3.0" name="starter.CucumberTestSuite" time="325.732" tests="1" errors="0" skipped="0" failures="1">
  <properties>
[...]
</properties>
  <testcase name="as user i want to input all valid data in get user information" classname="As a user i want to get user information" time="75.369">
    <failure type="java.lang.AssertionError"><![CDATA[java.lang.AssertionError: 
1 expectation failed.
Expected status code <200> but was <401>.

]]></failure>
    <system-out><![CDATA[18:52:50.142 [main] DEBUG net.thucydides.core.guice.Injectors - Created injector for module net.thucydides.core.guice.ThucydidesModule
18:53:03.109 [main] INFO io.cucumber.core.plugin.SerenityReporter - Running feature from file:///E:/MiniProjectbyNisa/Auth-API/src/test/resources/features/Auth/CreateLogin.feature
18:53:11.938 [main] DEBUG net.thucydides.core.guice.Injectors - Created injector for module net.thucydides.core.guice.webdriver.WebDriverModule
18:53:12.335 [main] INFO  - 

-------------------------------------------------------------------------------------
     _______. _______ .______       _______ .__   __.  __  .___________.____    ____ 
    /       ||   ____||   _  \     |   ____||  \ |  | |  | |           |\   \  /   / 
   |   (----`|  |__   |  |_)  |    |  |__   |   \|  | |  | `---|  |----` \   \/   /  
    \   \    |   __|  |      /     |   __|  |  . `  | |  |     |  |       \_    _/   
.----)   |   |  |____ |  |\  \----.|  |____ |  |\   | |  |     |  |         |  |     
|_______/    |_______|| _| `._____||_______||__| \__| |__|     |__|         |__|    
                                                                                     
 News and tutorials at http://www.serenity-bdd.info                                  
 Documentation at https://wakaleo.gitbooks.io/the-serenity-book/content/             
 Join the Serenity Community on Gitter: https://gitter.im/serenity-bdd/serenity-core 
 Serenity BDD Support and Training at http://serenity-bdd.info/#/trainingandsupport  
-------------------------------------------------------------------------------------

18:53:12.342 [main] DEBUG net.thucydides.core.steps.StepEventBus - Test suite started for story net.thucydides.core.model.Story@328bea82
18:53:12.347 [main] INFO  - Test Suite Started: As a user i want to create login user
18:53:13.009 [main] INFO io.cucumber.core.plugin.SerenityReporter - Running feature from file:///E:/MiniProjectbyNisa/Auth-API/src/test/resources/features/Auth/Register.feature
18:53:13.026 [main] DEBUG net.thucydides.core.steps.StepEventBus - Test suite started for story net.thucydides.core.model.Story@13529f77
18:53:13.031 [main] INFO  - Test Suite Started: As a user i want to create new user register
18:53:13.034 [main] INFO io.cucumber.core.plugin.SerenityReporter - Running feature from file:///E:/MiniProjectbyNisa/Auth-API/src/test/resources/features/Auth/UserInfo.feature
18:53:13.049 [main] DEBUG net.thucydides.core.steps.StepEventBus - Test suite started for story net.thucydides.core.model.Story@a8a2c1d3
18:53:13.052 [main] INFO  - Test Suite Started: As a user i want to get user information
18:53:13.053 [main] INFO io.cucumber.core.plugin.SerenityReporter - Running feature from file:///E:/MiniProjectbyNisa/Auth-API/src/test/resources/features/Auth/UserInfo.feature
18:53:13.060 [main] DEBUG net.thucydides.core.steps.StepEventBus - Test suite started for story net.thucydides.core.model.Story@a8a2c1d3
18:53:13.061 [main] INFO  - Test Suite Started: As a user i want to get user information

@UserInfo
Scenario: as user i want to input all valid data in get user information &amp#27;[90m# src/test/resources/features/Auth/UserInfo.feature:4&amp#27;[0m
18:53:14.903 [main] INFO io.cucumber.core.plugin.SerenityReporter - Running feature from file:///E:/MiniProjectbyNisa/Auth-API/src/test/resources/features/Auth/UserInfo.feature
18:53:20.722 [main] INFO  - 
  _____   ___   ___   _____     ___   _____     _     ___   _____   ___   ___  
 |_   _| | __| / __| |_   _|   / __| |_   _|   /_\   | _ \ |_   _| | __| |   \ 
   | |   | _|  \__ \   | |     \__ \   | |    / _ \  |   /   | |   | _|  | |) |
   |_|   |___| |___/   |_|     |___/   |_|   /_/ \_\ |_|_\   |_|   |___| |___/ 

as user i want to input all valid data in get user information(as-a-user-i-want-to-get-user-information;as-user-i-want-to-input-all-valid-data-in-get-user-information)
--------------------------------------------------------------------------------
18:53:25.027 [main] DEBUG net.thucydides.core.requirements.FileSystemRequirementsTagProvider - Loading requirements from directory: E:\MiniProjectbyNisa\Auth-API\src\test\resources\features\Auth (E:\MiniProjectbyNisa\Auth-API\src\test\resources\features\Auth)
18:53:25.027 [main] DEBUG net.thucydides.core.requirements.FileSystemRequirementsTagProvider - Get requirements type for: E:\MiniProjectbyNisa\Auth-API\src\test\resources\features\Auth (E:\MiniProjectbyNisa\Auth-API\src\test\resources\features\Auth)
18:53:38.091 [main] DEBUG net.thucydides.core.steps.StepInterceptor - STARTING STEP: UserInfoSteps.userHaveEndpointAuth - setEndpointAuth
18:53:38.356 [main] DEBUG net.thucydides.core.steps.StepInterceptor - STEP DONE: setEndpointAuth
  &amp#27;[32mGiven &amp#27;[0m&amp#27;[32muser have endpoint auth&amp#27;[0m                                          &amp#27;[90m# starter.stepdefinitions.UserInfoSteps.userHaveEndpointAuth()&amp#27;[0m
18:53:38.380 [main] DEBUG net.thucydides.core.steps.StepInterceptor - STARTING STEP: UserInfoSteps.userSendEndpointAuth - sendEnpointAuth
18:53:57.491 [main] DEBUG net.thucydides.core.steps.StepInterceptor - STARTING STEP: UserInfoPage.sendEnpointAuth - setEndpointAuth
18:53:57.491 [main] DEBUG net.thucydides.core.steps.StepInterceptor - STEP DONE: setEndpointAuth
18:54:12.082 [main] DEBUG org.apache.http.impl.conn.BasicClientConnectionManager - Get connection for route {s}->https://altashop-api.fly.dev:443
18:54:12.716 [main] DEBUG org.apache.http.impl.conn.DefaultClientConnectionOperator - Connecting to altashop-api.fly.dev:443
18:54:16.930 [main] DEBUG org.apache.http.client.protocol.RequestAddCookies - CookieSpec selected: ignoreCookies
18:54:16.934 [main] DEBUG org.apache.http.client.protocol.RequestAuthCache - Auth cache not set in the context
18:54:16.934 [main] DEBUG org.apache.http.client.protocol.RequestTargetAuthentication - Target auth state: UNCHALLENGED
18:54:16.935 [main] DEBUG org.apache.http.client.protocol.RequestProxyAuthentication - Proxy auth state: UNCHALLENGED
18:54:16.936 [main] DEBUG org.apache.http.impl.client.DefaultHttpClient - Attempt 1 to execute request
18:54:16.936 [main] DEBUG org.apache.http.impl.conn.DefaultClientConnection - Sending request: POST /api/auth/login HTTP/1.1
18:54:16.936 [main] DEBUG org.apache.http.wire -  >> "POST /api/auth/login HTTP/1.1[\r][\n]"
18:54:16.938 [main] DEBUG org.apache.http.wire -  >> "Accept: */*[\r][\n]"
18:54:16.939 [main] DEBUG org.apache.http.wire -  >> "Content-Type: application/json[\r][\n]"
18:54:16.939 [main] DEBUG org.apache.http.wire -  >> "Content-Length: 47[\r][\n]"
18:54:16.939 [main] DEBUG org.apache.http.wire -  >> "Host: altashop-api.fly.dev[\r][\n]"
18:54:16.939 [main] DEBUG org.apache.http.wire -  >> "Connection: Keep-Alive[\r][\n]"
18:54:16.939 [main] DEBUG org.apache.http.wire -  >> "User-Agent: Apache-HttpClient/4.5.13 (Java/1.8.0_202)[\r][\n]"
18:54:16.939 [main] DEBUG org.apache.http.wire -  >> "Accept-Encoding: gzip,deflate[\r][\n]"
18:54:16.940 [main] DEBUG org.apache.http.wire -  >> "[\r][\n]"
18:54:16.940 [main] DEBUG org.apache.http.headers - >> POST /api/auth/login HTTP/1.1
18:54:16.940 [main] DEBUG org.apache.http.headers - >> Accept: */*
18:54:16.940 [main] DEBUG org.apache.http.headers - >> Content-Type: application/json
18:54:16.940 [main] DEBUG org.apache.http.headers - >> Content-Length: 47
18:54:16.940 [main] DEBUG org.apache.http.headers - >> Host: altashop-api.fly.dev
18:54:16.941 [main] DEBUG org.apache.http.headers - >> Connection: Keep-Alive
18:54:16.941 [main] DEBUG org.apache.http.headers - >> User-Agent: Apache-HttpClient/4.5.13 (Java/1.8.0_202)
18:54:16.941 [main] DEBUG org.apache.http.headers - >> Accept-Encoding: gzip,deflate
18:54:16.941 [main] DEBUG org.apache.http.wire -  >> "{"password":"nisa","email":"nisauzz@gmail.com"}"
18:54:17.016 [main] DEBUG org.apache.http.wire -  << "HTTP/1.1 400 Bad Request[\r][\n]"
18:54:17.019 [main] DEBUG org.apache.http.wire -  << "content-type: application/json[\r][\n]"
18:54:17.019 [main] DEBUG org.apache.http.wire -  << "date: Thu, 11 May 2023 11:54:16 GMT[\r][\n]"
18:54:17.019 [main] DEBUG org.apache.http.wire -  << "content-encoding: gzip[\r][\n]"
18:54:17.020 [main] DEBUG org.apache.http.wire -  << "transfer-encoding: chunked[\r][\n]"
18:54:17.020 [main] DEBUG org.apache.http.wire -  << "server: Fly/3f2597ca (2023-05-03)[\r][\n]"
18:54:17.020 [main] DEBUG org.apache.http.wire -  << "via: 1.1 fly.io[\r][\n]"
18:54:17.020 [main] DEBUG org.apache.http.wire -  << "fly-request-id: 01H05AJVXM38VB9W4ZFZE3Z0TJ-sin[\r][\n]"
18:54:17.020 [main] DEBUG org.apache.http.wire -  << "[\r][\n]"
18:54:17.022 [main] DEBUG org.apache.http.impl.conn.DefaultClientConnection - Receiving response: HTTP/1.1 400 Bad Request
18:54:17.022 [main] DEBUG org.apache.http.headers - << HTTP/1.1 400 Bad Request
18:54:17.022 [main] DEBUG org.apache.http.headers - << content-type: application/json
18:54:17.022 [main] DEBUG org.apache.http.headers - << date: Thu, 11 May 2023 11:54:16 GMT
18:54:17.022 [main] DEBUG org.apache.http.headers - << content-encoding: gzip
18:54:17.022 [main] DEBUG org.apache.http.headers - << transfer-encoding: chunked
18:54:17.022 [main] DEBUG org.apache.http.headers - << server: Fly/3f2597ca (2023-05-03)
18:54:17.022 [main] DEBUG org.apache.http.headers - << via: 1.1 fly.io
18:54:17.022 [main] DEBUG org.apache.http.headers - << fly-request-id: 01H05AJVXM38VB9W4ZFZE3Z0TJ-sin
18:54:17.085 [main] DEBUG org.apache.http.impl.client.DefaultHttpClient - Connection can be kept alive indefinitely
18:54:17.124 [main] DEBUG io.restassured.internal.RestAssuredHttpBuilder - Parsing response as: application/json
18:54:17.126 [main] DEBUG org.apache.http.wire -  << "31[\r][\n]"
18:54:17.126 [main] DEBUG org.apache.http.wire -  << "[0x1f][0x8b][0x8][0x0][0x0][0x0][0x0][0x0][0x4][0xff][0xab]VJ-*[0xca]/R[0xb2]R*JM[0xce]/JQ[0xc8][0xcb]/QH[0xcb]/[0xcd]KQ[0xaa][0xe5][0x2][0x0]6`[0x14][0x2][0x1d][0x0][0x0][0x0]"
18:54:17.126 [main] DEBUG org.apache.http.wire -  << "[\r][\n]"
18:54:17.127 [main] DEBUG org.apache.http.wire -  << "0[\r][\n]"
18:54:17.128 [main] DEBUG org.apache.http.wire -  << "[\r][\n]"
18:54:17.128 [main] DEBUG io.restassured.internal.RestAssuredHttpBuilder - Parsed data to instance of: class org.apache.http.conn.EofSensorInputStream
18:54:17.373 [main] DEBUG org.apache.http.impl.conn.BasicClientConnectionManager - Releasing connection org.apache.http.impl.conn.ManagedClientConnectionImpl@79e7188e
18:54:17.373 [main] DEBUG org.apache.http.impl.conn.BasicClientConnectionManager - Connection can be kept alive indefinitely
18:54:24.836 [main] DEBUG net.thucydides.core.steps.StepInterceptor - STEP DONE: sendEnpointAuth
  &amp#27;[32mWhen &amp#27;[0m&amp#27;[32muser send endpoint Auth&amp#27;[0m                                           &amp#27;[90m# starter.stepdefinitions.UserInfoSteps.userSendEndpointAuth()&amp#27;[0m
18:54:24.854 [main] DEBUG net.thucydides.core.steps.StepInterceptor - STARTING STEP: UserInfoSteps.userHasEndpointToGetUserInformation - setEndpointUserInfo
18:54:24.856 [main] DEBUG net.thucydides.core.steps.StepInterceptor - STEP DONE: setEndpointUserInfo
  &amp#27;[32mWhen &amp#27;[0m&amp#27;[32muser has endpoint to get user information&amp#27;[0m                         &amp#27;[90m# starter.stepdefinitions.UserInfoSteps.userHasEndpointToGetUserInformation()&amp#27;[0m
18:54:24.871 [main] DEBUG net.thucydides.core.steps.StepInterceptor - STARTING STEP: UserInfoSteps.userGetUserInformation - sendEnpointUserInfo
18:54:24.884 [main] DEBUG net.thucydides.core.steps.StepInterceptor - STARTING STEP: UserInfoPage.sendEnpointUserInfo - setEndpointUserInfo
18:54:24.885 [main] DEBUG net.thucydides.core.steps.StepInterceptor - STEP DONE: setEndpointUserInfo
18:54:25.240 [main] DEBUG org.apache.http.impl.conn.BasicClientConnectionManager - Get connection for route {s}->https://altashop-api.fly.dev:443
18:54:25.240 [main] DEBUG org.apache.http.impl.conn.DefaultClientConnectionOperator - Connecting to altashop-api.fly.dev:443
18:54:25.542 [main] DEBUG org.apache.http.client.protocol.RequestAddCookies - CookieSpec selected: ignoreCookies
18:54:25.542 [main] DEBUG org.apache.http.client.protocol.RequestAuthCache - Auth cache not set in the context
18:54:25.542 [main] DEBUG org.apache.http.client.protocol.RequestProxyAuthentication - Proxy auth state: UNCHALLENGED
18:54:25.542 [main] DEBUG org.apache.http.impl.client.DefaultHttpClient - Attempt 1 to execute request
18:54:25.542 [main] DEBUG org.apache.http.impl.conn.DefaultClientConnection - Sending request: GET /api/auth/info HTTP/1.1
18:54:25.543 [main] DEBUG org.apache.http.wire -  >> "GET /api/auth/info HTTP/1.1[\r][\n]"
18:54:25.543 [main] DEBUG org.apache.http.wire -  >> "Authorization: Bearer null[\r][\n]"
18:54:25.543 [main] DEBUG org.apache.http.wire -  >> "Accept: */*[\r][\n]"
18:54:25.544 [main] DEBUG org.apache.http.wire -  >> "Host: altashop-api.fly.dev[\r][\n]"
18:54:25.544 [main] DEBUG org.apache.http.wire -  >> "Connection: Keep-Alive[\r][\n]"
18:54:25.545 [main] DEBUG org.apache.http.wire -  >> "User-Agent: Apache-HttpClient/4.5.13 (Java/1.8.0_202)[\r][\n]"
18:54:25.545 [main] DEBUG org.apache.http.wire -  >> "Accept-Encoding: gzip,deflate[\r][\n]"
18:54:25.545 [main] DEBUG org.apache.http.wire -  >> "[\r][\n]"
18:54:25.545 [main] DEBUG org.apache.http.headers - >> GET /api/auth/info HTTP/1.1
18:54:25.545 [main] DEBUG org.apache.http.headers - >> Authorization: Bearer null
18:54:25.545 [main] DEBUG org.apache.http.headers - >> Accept: */*
18:54:25.545 [main] DEBUG org.apache.http.headers - >> Host: altashop-api.fly.dev
18:54:25.545 [main] DEBUG org.apache.http.headers - >> Connection: Keep-Alive
18:54:25.545 [main] DEBUG org.apache.http.headers - >> User-Agent: Apache-HttpClient/4.5.13 (Java/1.8.0_202)
18:54:25.545 [main] DEBUG org.apache.http.headers - >> Accept-Encoding: gzip,deflate
18:54:25.613 [main] DEBUG org.apache.http.wire -  << "HTTP/1.1 401 Unauthorized[\r][\n]"
18:54:25.613 [main] DEBUG org.apache.http.wire -  << "content-type: application/json[\r][\n]"
18:54:25.613 [main] DEBUG org.apache.http.wire -  << "date: Thu, 11 May 2023 11:54:24 GMT[\r][\n]"
18:54:25.613 [main] DEBUG org.apache.http.wire -  << "content-encoding: gzip[\r][\n]"
18:54:25.613 [main] DEBUG org.apache.http.wire -  << "transfer-encoding: chunked[\r][\n]"
18:54:25.613 [main] DEBUG org.apache.http.wire -  << "server: Fly/3f2597ca (2023-05-03)[\r][\n]"
18:54:25.613 [main] DEBUG org.apache.http.wire -  << "via: 1.1 fly.io[\r][\n]"
18:54:25.614 [main] DEBUG org.apache.http.wire -  << "fly-request-id: 01H05AK4AD8C533R43X6F71ZVZ-sin[\r][\n]"
18:54:25.614 [main] DEBUG org.apache.http.wire -  << "[\r][\n]"
18:54:25.614 [main] DEBUG org.apache.http.impl.conn.DefaultClientConnection - Receiving response: HTTP/1.1 401 Unauthorized
18:54:25.614 [main] DEBUG org.apache.http.headers - << HTTP/1.1 401 Unauthorized
18:54:25.614 [main] DEBUG org.apache.http.headers - << content-type: application/json
18:54:25.614 [main] DEBUG org.apache.http.headers - << date: Thu, 11 May 2023 11:54:24 GMT
18:54:25.614 [main] DEBUG org.apache.http.headers - << content-encoding: gzip
18:54:25.614 [main] DEBUG org.apache.http.headers - << transfer-encoding: chunked
18:54:25.614 [main] DEBUG org.apache.http.headers - << server: Fly/3f2597ca (2023-05-03)
18:54:25.614 [main] DEBUG org.apache.http.headers - << via: 1.1 fly.io
18:54:25.614 [main] DEBUG org.apache.http.headers - << fly-request-id: 01H05AK4AD8C533R43X6F71ZVZ-sin
18:54:25.614 [main] DEBUG org.apache.http.impl.client.DefaultHttpClient - Connection can be kept alive indefinitely
18:54:25.615 [main] DEBUG org.apache.http.impl.client.DefaultHttpClient - Authentication required
18:54:25.615 [main] DEBUG org.apache.http.impl.client.DefaultHttpClient - altashop-api.fly.dev:443 requested authentication
18:54:25.615 [main] DEBUG org.apache.http.impl.client.DefaultHttpClient - Response contains no authentication challenges
18:54:25.615 [main] DEBUG io.restassured.internal.RestAssuredHttpBuilder - Parsing response as: application/json
18:54:25.616 [main] DEBUG org.apache.http.wire -  << "4D[\r][\n]"
18:54:25.616 [main] DEBUG org.apache.http.wire -  << "[0x1f][0x8b][0x8][0x0][0x0][0x0][0x0][0x0][0x4][0xff][0xab]VJ-*[0xca]/R[0xb2]R*[0xc9][0xcf]N[0xcd]SH[0xce][0xcf]+I[0xcc][0xcc]+VH[0xcc]S[0xc8][0xcc]+K[0xcc][0xc9]LQ[0xc8]+[0xcd]MJ-R[0xc8]OS(NM[0xcf]M[0xcd]+)V[0xaa][0xe5][0x2][0x0]b[0xb9]x[0x1d]9[0x0][0x0][0x0]"
18:54:25.616 [main] DEBUG org.apache.http.wire -  << "[\r][\n]"
18:54:25.616 [main] DEBUG org.apache.http.wire -  << "0[\r][\n]"
18:54:25.616 [main] DEBUG org.apache.http.wire -  << "[\r][\n]"
18:54:25.616 [main] DEBUG io.restassured.internal.RestAssuredHttpBuilder - Parsed data to instance of: class org.apache.http.conn.EofSensorInputStream
18:54:25.619 [main] DEBUG org.apache.http.impl.conn.BasicClientConnectionManager - Releasing connection org.apache.http.impl.conn.ManagedClientConnectionImpl@3e6ec74
18:54:25.619 [main] DEBUG org.apache.http.impl.conn.BasicClientConnectionManager - Connection can be kept alive indefinitely
18:54:25.623 [main] DEBUG net.thucydides.core.steps.StepInterceptor - STEP DONE: sendEnpointUserInfo
  &amp#27;[32mAnd &amp#27;[0m&amp#27;[32muser get user information&amp#27;[0m                                          &amp#27;[90m# starter.stepdefinitions.UserInfoSteps.userGetUserInformation()&amp#27;[0m
18:54:25.638 [main] DEBUG net.thucydides.core.steps.StepInterceptor - STARTING STEP: UserInfoSteps.userGetUserInformationStatusCode - responseCode
  &amp#27;[31mThen &amp#27;[0m&amp#27;[31muser get user information status code &amp#27;[0m&amp#27;[31m&amp#27;[1m200&amp#27;[0m                         &amp#27;[90m# starter.stepdefinitions.UserInfoSteps.userGetUserInformationStatusCode(int)&amp#27;[0m
      &amp#27;[31mjava.lang.AssertionError: 1 expectation failed.
Expected status code <200> but was <401>.

	at sun.reflect.NativeConstructorAccessorImpl.newInstance0(Native Method)
	at sun.reflect.NativeConstructorAccessorImpl.newInstance(NativeConstructorAccessorImpl.java:62)
	at sun.reflect.DelegatingConstructorAccessorImpl.newInstance(DelegatingConstructorAccessorImpl.java:45)
	at java.lang.reflect.Constructor.newInstance(Constructor.java:423)
	at org.codehaus.groovy.reflection.CachedConstructor.invoke(CachedConstructor.java:73)
	at org.codehaus.groovy.reflection.CachedConstructor.doConstructorInvoke(CachedConstructor.java:60)
	at org.codehaus.groovy.runtime.callsite.ConstructorSite$ConstructorSiteNoUnwrap.callConstructor(ConstructorSite.java:86)
	at org.codehaus.groovy.runtime.callsite.CallSiteArray.defaultCallConstructor(CallSiteArray.java:57)
	at org.codehaus.groovy.runtime.callsite.AbstractCallSite.callConstructor(AbstractCallSite.java:263)
	at org.codehaus.groovy.runtime.callsite.AbstractCallSite.callConstructor(AbstractCallSite.java:277)
	at io.restassured.internal.ResponseSpecificationImpl$HamcrestAssertionClosure.validate(ResponseSpecificationImpl.groovy:512)
	at io.restassured.internal.ResponseSpecificationImpl$HamcrestAssertionClosure$validate$1.call(Unknown Source)
	at org.codehaus.groovy.runtime.callsite.CallSiteArray.defaultCall(CallSiteArray.java:45)
	at org.codehaus.groovy.runtime.callsite.AbstractCallSite.call(AbstractCallSite.java:125)
	at org.codehaus.groovy.runtime.callsite.AbstractCallSite.call(AbstractCallSite.java:139)
	at io.restassured.internal.ResponseSpecificationImpl.validateResponseIfRequired(ResponseSpecificationImpl.groovy:696)
	at io.restassured.internal.ResponseSpecificationImpl.this$2$validateResponseIfRequired(ResponseSpecificationImpl.groovy)
	at sun.reflect.NativeMethodAccessorImpl.invoke0(Native Method)
	at sun.reflect.NativeMethodAccessorImpl.invoke(NativeMethodAccessorImpl.java:62)
	at sun.reflect.DelegatingMethodAccessorImpl.invoke(DelegatingMethodAccessorImpl.java:43)
	at java.lang.reflect.Method.invoke(Method.java:498)
	at org.codehaus.groovy.runtime.callsite.PlainObjectMetaMethodSite.doInvoke(PlainObjectMetaMethodSite.java:43)
	at org.codehaus.groovy.runtime.callsite.PogoMetaMethodSite$PogoCachedMethodSiteNoUnwrapNoCoerce.invoke(PogoMetaMethodSite.java:198)
	at org.codehaus.groovy.runtime.callsite.PogoMetaMethodSite.callCurrent(PogoMetaMethodSite.java:62)
	at org.codehaus.groovy.runtime.callsite.CallSiteArray.defaultCallCurrent(CallSiteArray.java:49)
	at org.codehaus.groovy.runtime.callsite.AbstractCallSite.callCurrent(AbstractCallSite.java:171)
	at org.codehaus.groovy.runtime.callsite.AbstractCallSite.callCurrent(AbstractCallSite.java:185)
	at io.restassured.internal.ResponseSpecificationImpl.statusCode(ResponseSpecificationImpl.groovy:135)
	at io.restassured.specification.ResponseSpecification$statusCode$0.callCurrent(Unknown Source)
	at org.codehaus.groovy.runtime.callsite.CallSiteArray.defaultCallCurrent(CallSiteArray.java:49)
	at org.codehaus.groovy.runtime.callsite.AbstractCallSite.callCurrent(AbstractCallSite.java:171)
	at org.codehaus.groovy.runtime.callsite.AbstractCallSite.callCurrent(AbstractCallSite.java:185)
	at io.restassured.internal.ResponseSpecificationImpl.statusCode(ResponseSpecificationImpl.groovy:143)
	at io.restassured.internal.ValidatableResponseOptionsImpl.statusCode(ValidatableResponseOptionsImpl.java:89)
	at starter.pages.UserInfoPage.lambda$responseCode$0(UserInfoPage.java:49)
	at net.serenitybdd.rest.SerenityRest.restAssuredThat(SerenityRest.java:626)
	at starter.pages.UserInfoPage.responseCode(UserInfoPage.java:49)
	at starter.pages.UserInfoPage$ByteBuddy$izdiOwrM.responseCode$accessor$LcoK0beW(Unknown Source)
	at sun.reflect.NativeMethodAccessorImpl.invoke0(Native Method)
	at sun.reflect.NativeMethodAccessorImpl.invoke(NativeMethodAccessorImpl.java:62)
	at sun.reflect.DelegatingMethodAccessorImpl.invoke(DelegatingMethodAccessorImpl.java:43)
	at java.lang.reflect.Method.invoke(Method.java:498)
	at net.thucydides.core.steps.StepInterceptor.invokeMethod(StepInterceptor.java:518)
	at net.thucydides.core.steps.StepInterceptor.executeTestStepMethod(StepInterceptor.java:498)
	at net.thucydides.core.steps.StepInterceptor.runTestStep(StepInterceptor.java:472)
	at net.thucydides.core.steps.StepInterceptor.runOrSkipMethod(StepInterceptor.java:211)
	at net.thucydides.core.steps.StepInterceptor.testStepResult(StepInterceptor.java:198)
	at net.thucydides.core.steps.StepInterceptor.intercept(StepInterceptor.java:86)
	at net.thucydides.core.steps.ProxyConfiguration$InterceptorDispatcher.intercept(ProxyConfiguration.java:51)
	at starter.pages.UserInfoPage$ByteBuddy$izdiOwrM.responseCode(Unknown Source)
	at starter.stepdefinitions.UserInfoSteps.userGetUserInformationStatusCode(UserInfoSteps.java:37)
	at âœ½.user get user information status code 200(file:///E:/MiniProjectbyNisa/Auth-API/src/test/resources/features/Auth/UserInfo.feature:9)
&amp#27;[0m
18:54:26.448 [main] ERROR  - 
  _____   ___   ___   _____     ___     _     ___   _      ___   ___  
 |_   _| | __| / __| |_   _|   | __|   /_\   |_ _| | |    | __| |   \ 
   | |   | _|  \__ \   | |     | _|   / _ \   | |  | |__  | _|  | |) |
   |_|   |___| |___/   |_|     |_|   /_/ \_\ |___| |____| |___| |___/ 

as user i want to input all valid data in get user information
-----------------------------------------------------------------------
18:54:26.455 [main] DEBUG  - RELATED ISSUES: 
18:54:28.305 [main] ERROR  -     Test failed at step: Response code
18:54:28.306 [main] ERROR  -     1 expectation failed.Expected status code <200> but was <401>.
]]></system-out>
  </testcase>
</testsuite>